<?xml version="1.0" encoding="UTF-8"?>
<testng-results total="1" passed="1" failed="0" skipped="0">
  <reporter-output>
  </reporter-output>
  <suite started-at="2020-01-10T01:43:36Z" name="MyFirstTest" finished-at="2020-01-10T01:43:36Z" duration-ms="11">
    <groups>
    </groups>
    <test started-at="2020-01-10T01:43:36Z" name="Command line test" finished-at="2020-01-10T01:43:36Z" duration-ms="11">
      <class name="MyFirstTest">
        <test-method signature="test()[pri:0, instance:MyFirstTest@290d210d]" started-at="2020-01-09T20:43:36Z" name="test" finished-at="2020-01-09T20:43:36Z" duration-ms="5" status="PASS">
          <reporter-output>
          </reporter-output>
        </test-method> <!-- test -->
      </class> <!-- MyFirstTest -->
    </test> <!-- Command line test -->
  </suite> <!-- MyFirstTest -->
</testng-results>
